<?xml version="1.0" encoding="UTF-8"?>
<!-- Generated by org.testng.reporters.JUnitReportReporter -->
<testsuite skipped="0" hostname="Glenns-HP" name="com.build.qa.shareyourcamp.selenium.tests.ShareYourCampTest" tests="12" failures="0" timestamp="25 Jul 2018 05:51:19 GMT" time="260.521" errors="0">
  <testcase name="navigateToLandingPage" time="18.444" classname="com.build.qa.shareyourcamp.selenium.tests.ShareYourCampTest"/>
  <testcase name="verifyTitle" time="17.983" classname="com.build.qa.shareyourcamp.selenium.tests.ShareYourCampTest"/>
  <testcase name="navigateToLandingPage" time="19.563" classname="com.build.qa.shareyourcamp.selenium.tests.ShareYourCampTest"/>
  <testcase name="verifyDropDown" time="28.264" classname="com.build.qa.shareyourcamp.selenium.tests.ShareYourCampTest"/>
  <testcase name="verifyTitle" time="17.757" classname="com.build.qa.shareyourcamp.selenium.tests.ShareYourCampTest"/>
  <testcase name="verifyDropDown" time="25.481" classname="com.build.qa.shareyourcamp.selenium.tests.ShareYourCampTest"/>
  <testcase name="verifyTitle" time="29.923" classname="com.build.qa.shareyourcamp.selenium.tests.ShareYourCampTest"/>
  <testcase name="navigateToLandingPage" time="17.851" classname="com.build.qa.shareyourcamp.selenium.tests.ShareYourCampTest"/>
  <testcase name="verifyTitle" time="16.487" classname="com.build.qa.shareyourcamp.selenium.tests.ShareYourCampTest"/>
  <testcase name="verifyDropDown" time="23.191" classname="com.build.qa.shareyourcamp.selenium.tests.ShareYourCampTest"/>
  <testcase name="navigateToLandingPage" time="23.376" classname="com.build.qa.shareyourcamp.selenium.tests.ShareYourCampTest"/>
  <testcase name="verifyDropDown" time="22.201" classname="com.build.qa.shareyourcamp.selenium.tests.ShareYourCampTest"/>
</testsuite> <!-- com.build.qa.shareyourcamp.selenium.tests.ShareYourCampTest -->
