<?xml version="1.0" encoding="UTF-8"?>
<!-- Generated by org.testng.reporters.JUnitReportReporter -->
<testsuite skipped="0" hostname="Glenns-HP" name="com.build.qa.shareyourcamp.selenium.tests.ShareYourCampDatabaseTest" tests="1" failures="0" timestamp="23 May 2018 10:27:48 GMT" time="3.772" errors="0">
  <testcase name="DatabaseTest" time="3.772" classname="com.build.qa.shareyourcamp.selenium.tests.ShareYourCampDatabaseTest"/>
</testsuite> <!-- com.build.qa.shareyourcamp.selenium.tests.ShareYourCampDatabaseTest -->
