<?xml version="1.0" encoding="UTF-8"?>
<!-- Generated by org.testng.reporters.JUnitReportReporter -->
<testsuite skipped="0" hostname="Glenns-HP" name="com.build.qa.shareyourcamp.selenium.tests.ShareYourCampTest" tests="12" failures="0" timestamp="25 Jul 2018 06:14:18 GMT" time="214.569" errors="0">
  <testcase name="verifyDropDown" time="12.623" classname="com.build.qa.shareyourcamp.selenium.tests.ShareYourCampTest"/>
  <testcase name="verifyDropDown" time="17.248" classname="com.build.qa.shareyourcamp.selenium.tests.ShareYourCampTest"/>
  <testcase name="verifyTitle" time="11.344" classname="com.build.qa.shareyourcamp.selenium.tests.ShareYourCampTest"/>
  <testcase name="verifyTitle" time="15.371" classname="com.build.qa.shareyourcamp.selenium.tests.ShareYourCampTest"/>
  <testcase name="navigateToLandingPage" time="18.995" classname="com.build.qa.shareyourcamp.selenium.tests.ShareYourCampTest"/>
  <testcase name="verifyTitle" time="19.871" classname="com.build.qa.shareyourcamp.selenium.tests.ShareYourCampTest"/>
  <testcase name="verifyDropDown" time="22.091" classname="com.build.qa.shareyourcamp.selenium.tests.ShareYourCampTest"/>
  <testcase name="navigateToLandingPage" time="14.449" classname="com.build.qa.shareyourcamp.selenium.tests.ShareYourCampTest"/>
  <testcase name="navigateToLandingPage" time="13.145" classname="com.build.qa.shareyourcamp.selenium.tests.ShareYourCampTest"/>
  <testcase name="navigateToLandingPage" time="33.480" classname="com.build.qa.shareyourcamp.selenium.tests.ShareYourCampTest"/>
  <testcase name="verifyDropDown" time="14.466" classname="com.build.qa.shareyourcamp.selenium.tests.ShareYourCampTest"/>
  <testcase name="verifyTitle" time="21.486" classname="com.build.qa.shareyourcamp.selenium.tests.ShareYourCampTest"/>
</testsuite> <!-- com.build.qa.shareyourcamp.selenium.tests.ShareYourCampTest -->
