<?xml version="1.0" encoding="UTF-8"?>
<!-- Generated by org.testng.reporters.JUnitReportReporter -->
<testsuite skipped="0" hostname="Glenns-HP" name="com.build.qa.shareyourcamp.selenium.tests.ShareYourCampDatabaseTest" tests="1" failures="0" timestamp="06 Jun 2018 08:10:06 GMT" time="7.280" errors="0">
  <testcase name="DatabaseTest" time="7.280" classname="com.build.qa.shareyourcamp.selenium.tests.ShareYourCampDatabaseTest"/>
</testsuite> <!-- com.build.qa.shareyourcamp.selenium.tests.ShareYourCampDatabaseTest -->
