<?xml version="1.0" encoding="UTF-8"?>
<!-- Generated by org.testng.reporters.JUnitReportReporter -->
<testsuite skipped="0" hostname="Glenns-HP" name="com.build.qa.shareyourcamp.selenium.tests.ShareYourCampTest" tests="3" failures="0" timestamp="18 Jul 2018 20:33:25 GMT" time="67.196" errors="0">
  <testcase name="verifyDropDown" time="20.489" classname="com.build.qa.shareyourcamp.selenium.tests.ShareYourCampTest"/>
  <testcase name="verifyTitle" time="18.806" classname="com.build.qa.shareyourcamp.selenium.tests.ShareYourCampTest"/>
  <testcase name="navigateToLandingPage" time="27.901" classname="com.build.qa.shareyourcamp.selenium.tests.ShareYourCampTest"/>
</testsuite> <!-- com.build.qa.shareyourcamp.selenium.tests.ShareYourCampTest -->
